app/build/intermediates/manifest_merge_blame_file/debug/manifest-merger-blame-debug-report.txt
1<?xml version="1.0" encoding="utf-8"?>
2<manifest xmlns:android="http://schemas.android.com/apk/res/android"
3    package="com.example.quanlytaichinh"
4    android:versionCode="1"
5    android:versionName="1.0" >
6
7    <uses-sdk
8        android:minSdkVersion="15"
8-->src\main\AndroidManifest.xml
9        android:targetSdkVersion="28" />
9-->src\main\AndroidManifest.xml
10
11    <uses-permission android:name="android.permission.INTERNET" />
11-->src\main\AndroidManifest.xml:5:5-67
11-->src\main\AndroidManifest.xml:5:22-64
12    <uses-permission android:name="android.permission.ACCESS_NETWORK_STATE" />
12-->src\main\AndroidManifest.xml:6:5-79
12-->src\main\AndroidManifest.xml:6:22-76
13
14    <application
14-->src\main\AndroidManifest.xml:8:5-39:19
15        android:allowBackup="true"
15-->src\main\AndroidManifest.xml:9:9-35
16        android:appComponentFactory="android.support.v4.app.CoreComponentFactory"
16-->[com.android.support:support-compat:28.0.0] AndroidManifest.xml:22:18-91
17        android:debuggable="true"
18        android:icon="@mipmap/ic_launcher"
18-->src\main\AndroidManifest.xml:11:9-43
19        android:label="@string/app_name"
19-->src\main\AndroidManifest.xml:12:9-41
20        android:roundIcon="@mipmap/ic_launcher_round"
20-->src\main\AndroidManifest.xml:13:9-54
21        android:supportsRtl="true"
21-->src\main\AndroidManifest.xml:14:9-35
22        android:testOnly="true"
23        android:theme="@style/AppTheme"
23-->src\main\AndroidManifest.xml:15:9-40
24        android:usesCleartextTraffic="true" >
24-->src\main\AndroidManifest.xml:10:9-44
25        <activity android:name="com.example.quanlytaichinh.ChartActivity" />
25-->src\main\AndroidManifest.xml:16:9-60
25-->src\main\AndroidManifest.xml:16:19-48
26        <activity android:name="com.example.quanlytaichinh.DoiMatKhauActivity" />
26-->src\main\AndroidManifest.xml:17:9-56
26-->src\main\AndroidManifest.xml:17:19-53
27        <activity
27-->src\main\AndroidManifest.xml:18:9-21:59
28            android:name="com.example.quanlytaichinh.QLThuActivity"
28-->src\main\AndroidManifest.xml:19:13-42
29            android:label="@string/title_activity_qlthu"
29-->src\main\AndroidManifest.xml:20:13-57
30            android:theme="@style/AppTheme.NoActionBar" />
30-->src\main\AndroidManifest.xml:21:13-56
31        <activity
31-->src\main\AndroidManifest.xml:22:9-25:59
32            android:name="com.example.quanlytaichinh.ThongKeActivity"
32-->src\main\AndroidManifest.xml:23:13-44
33            android:label="@string/title_activity_thong_ke"
33-->src\main\AndroidManifest.xml:24:13-60
34            android:theme="@style/AppTheme.NoActionBar" />
34-->src\main\AndroidManifest.xml:25:13-56
35        <activity android:name="com.example.quanlytaichinh.aboutActivity" />
35-->src\main\AndroidManifest.xml:26:9-51
35-->src\main\AndroidManifest.xml:26:19-48
36        <activity
36-->src\main\AndroidManifest.xml:27:9-30:59
37            android:name="com.example.quanlytaichinh.QLThuChiActivity"
37-->src\main\AndroidManifest.xml:28:13-45
38            android:label="@string/title_activity_qlthu_chi"
38-->src\main\AndroidManifest.xml:29:13-61
39            android:theme="@style/AppTheme.NoActionBar" />
39-->src\main\AndroidManifest.xml:30:13-56
40        <activity android:name="com.example.quanlytaichinh.DangKyActivity" />
40-->src\main\AndroidManifest.xml:31:9-52
40-->src\main\AndroidManifest.xml:31:19-49
41        <activity android:name="com.example.quanlytaichinh.MainActivity" >
41-->src\main\AndroidManifest.xml:32:9-38:20
41-->src\main\AndroidManifest.xml:32:19-47
42            <intent-filter>
42-->src\main\AndroidManifest.xml:33:13-37:29
43                <action android:name="android.intent.action.MAIN" />
43-->src\main\AndroidManifest.xml:34:17-69
43-->src\main\AndroidManifest.xml:34:25-66
44
45                <category android:name="android.intent.category.LAUNCHER" />
45-->src\main\AndroidManifest.xml:36:17-77
45-->src\main\AndroidManifest.xml:36:27-74
46            </intent-filter>
47        </activity>
48    </application>
49
50</manifest>